<?xml version="1.0" encoding="UTF-8"?>
<testng-results skipped="0" failed="0" ignored="0" total="1" passed="1">
  <reporter-output>
  </reporter-output>
  <suite name="Default suite" duration-ms="8991" started-at="2022-03-13T12:39:10 BDT" finished-at="2022-03-13T12:39:19 BDT">
    <groups>
    </groups>
    <test name="Default test" duration-ms="8991" started-at="2022-03-13T12:39:10 BDT" finished-at="2022-03-13T12:39:19 BDT">
      <class name="testCases.TestCases">
        <test-method status="PASS" signature="start()[pri:0, instance:testCases.TestCases@7cbee484]" name="start" is-config="true" duration-ms="4785" started-at="2022-03-13T12:39:10 BDT" finished-at="2022-03-13T12:39:15 BDT">
          <reporter-output>
          </reporter-output>
        </test-method> <!-- start -->
        <test-method status="PASS" signature="landingPage()[pri:0, instance:testCases.TestCases@7cbee484]" name="landingPage" duration-ms="4142" started-at="2022-03-13T12:39:15 BDT" finished-at="2022-03-13T12:39:19 BDT">
          <reporter-output>
          </reporter-output>
        </test-method> <!-- landingPage -->
      </class> <!-- testCases.TestCases -->
    </test> <!-- Default test -->
  </suite> <!-- Default suite -->
</testng-results>
